# JRE version: Java(TM) SE Runtime Environment (8.0_72-b15) (build 1.8.0_72-b15)
# Java VM: Java HotSpot(TM) 64-Bit Server VM (25.72-b15 mixed mode linux-amd64 compressed oops)
Heap:
 PSYoungGen      total 103424K, used 8694K [0x00000000e1800000, 0x00000000e8700000, 0x0000000100000000)
  eden space 94720K, 0% used [0x00000000e1800000,0x00000000e1800000,0x00000000e7480000)
  from space 8704K, 99% used [0x00000000e7480000,0x00000000e7cfdb28,0x00000000e7d00000)
  to   space 7168K, 0% used [0x00000000e7d00000,0x00000000e7d00000,0x00000000e8400000)
 ParOldGen       total 62976K, used 6422K [0x00000000a4800000, 0x00000000a8580000, 0x00000000e1800000)
  object space 62976K, 10% used [0x00000000a4800000,0x00000000a4e45958,0x00000000a8580000)
 Metaspace       used 18116K, capacity 18280K, committed 18560K, reserved 1064960K
  class space    used 2831K, capacity 2906K, committed 2944K, reserved 1048576K
GC Heap History (10 events):
Event: 4,035 GC heap after
Heap after GC invocations=2 (full 0):
 PSYoungGen      total 27648K, used 2252K [0x00000000e1800000, 0x00000000e4e00000, 0x0000000100000000)
  eden space 24064K, 0% used [0x00000000e1800000,0x00000000e1800000,0x00000000e2f80000)
  from space 3584K, 62% used [0x00000000e3300000,0x00000000e35330e8,0x00000000e3680000)
  to   space 3584K, 0% used [0x00000000e2f80000,0x00000000e2f80000,0x00000000e3300000)
 ParOldGen       total 62976K, used 16K [0x00000000a4800000, 0x00000000a8580000, 0x00000000e1800000)
  object space 62976K, 0% used [0x00000000a4800000,0x00000000a4804000,0x00000000a8580000)
 Metaspace       used 6779K, capacity 6864K, committed 6912K, reserved 1056768K
  class space    used 998K, capacity 1010K, committed 1024K, reserved 1048576K
}
Event: 4,879 GC heap before
{Heap before GC invocations=3 (full 0):
 PSYoungGen      total 27648K, used 26316K [0x00000000e1800000, 0x00000000e4e00000, 0x0000000100000000)
  eden space 24064K, 100% used [0x00000000e1800000,0x00000000e2f80000,0x00000000e2f80000)
  from space 3584K, 62% used [0x00000000e3300000,0x00000000e35330e8,0x00000000e3680000)
  to   space 3584K, 0% used [0x00000000e2f80000,0x00000000e2f80000,0x00000000e3300000)
 ParOldGen       total 62976K, used 16K [0x00000000a4800000, 0x00000000a8580000, 0x00000000e1800000)
  object space 62976K, 0% used [0x00000000a4800000,0x00000000a4804000,0x00000000a8580000)
 Metaspace       used 9285K, capacity 9360K, committed 9600K, reserved 1056768K
  class space    used 1317K, capacity 1330K, committed 1408K, reserved 1048576K
Event: 4,889 GC heap after
Heap after GC invocations=3 (full 0):
 PSYoungGen      total 27648K, used 3560K [0x00000000e1800000, 0x00000000e4e00000, 0x0000000100000000)
  eden space 24064K, 0% used [0x00000000e1800000,0x00000000e1800000,0x00000000e2f80000)
  from space 3584K, 99% used [0x00000000e2f80000,0x00000000e32fa1d8,0x00000000e3300000)
  to   space 3584K, 0% used [0x00000000e4a80000,0x00000000e4a80000,0x00000000e4e00000)
 ParOldGen       total 62976K, used 123K [0x00000000a4800000, 0x00000000a8580000, 0x00000000e1800000)
  object space 62976K, 0% used [0x00000000a4800000,0x00000000a481edc0,0x00000000a8580000)
 Metaspace       used 9285K, capacity 9360K, committed 9600K, reserved 1056768K
  class space    used 1317K, capacity 1330K, committed 1408K, reserved 1048576K
}
Event: 5,911 GC heap before
{Heap before GC invocations=4 (full 0):
 PSYoungGen      total 27648K, used 27624K [0x00000000e1800000, 0x00000000e4e00000, 0x0000000100000000)
  eden space 24064K, 100% used [0x00000000e1800000,0x00000000e2f80000,0x00000000e2f80000)
  from space 3584K, 99% used [0x00000000e2f80000,0x00000000e32fa1d8,0x00000000e3300000)
  to   space 3584K, 0% used [0x00000000e4a80000,0x00000000e4a80000,0x00000000e4e00000)
 ParOldGen       total 62976K, used 123K [0x00000000a4800000, 0x00000000a8580000, 0x00000000e1800000)
  object space 62976K, 0% used [0x00000000a4800000,0x00000000a481edc0,0x00000000a8580000)
 Metaspace       used 10839K, capacity 11020K, committed 11136K, reserved 1058816K
  class space    used 1498K, capacity 1584K, committed 1664K, reserved 1048576K
Event: 5,925 GC heap after
Heap after GC invocations=4 (full 0):
 PSYoungGen      total 51712K, used 3576K [0x00000000e1800000, 0x00000000e4e00000, 0x0000000100000000)
  eden space 48128K, 0% used [0x00000000e1800000,0x00000000e1800000,0x00000000e4700000)
  from space 3584K, 99% used [0x00000000e4a80000,0x00000000e4dfe3f8,0x00000000e4e00000)
  to   space 3584K, 0% used [0x00000000e4700000,0x00000000e4700000,0x00000000e4a80000)
 ParOldGen       total 62976K, used 1457K [0x00000000a4800000, 0x00000000a8580000, 0x00000000e1800000)
  object space 62976K, 2% used [0x00000000a4800000,0x00000000a496c470,0x00000000a8580000)
 Metaspace       used 10839K, capacity 11020K, committed 11136K, reserved 1058816K
  class space    used 1498K, capacity 1584K, committed 1664K, reserved 1048576K
}
Event: 8,168 GC heap before
{Heap before GC invocations=5 (full 0):
 PSYoungGen      total 51712K, used 51704K [0x00000000e1800000, 0x00000000e4e00000, 0x0000000100000000)
  eden space 48128K, 100% used [0x00000000e1800000,0x00000000e4700000,0x00000000e4700000)
  from space 3584K, 99% used [0x00000000e4a80000,0x00000000e4dfe3f8,0x00000000e4e00000)
  to   space 3584K, 0% used [0x00000000e4700000,0x00000000e4700000,0x00000000e4a80000)
 ParOldGen       total 62976K, used 1457K [0x00000000a4800000, 0x00000000a8580000, 0x00000000e1800000)
  object space 62976K, 2% used [0x00000000a4800000,0x00000000a496c470,0x00000000a8580000)
 Metaspace       used 12667K, capacity 12818K, committed 13184K, reserved 1060864K
  class space    used 1772K, capacity 1841K, committed 1920K, reserved 1048576K
Event: 8,196 GC heap after
Heap after GC invocations=5 (full 0):
 PSYoungGen      total 51712K, used 3556K [0x00000000e1800000, 0x00000000e8400000, 0x0000000100000000)
  eden space 48128K, 0% used [0x00000000e1800000,0x00000000e1800000,0x00000000e4700000)
  from space 3584K, 99% used [0x00000000e4700000,0x00000000e4a79280,0x00000000e4a80000)
  to   space 7168K, 0% used [0x00000000e7d00000,0x00000000e7d00000,0x00000000e8400000)
 ParOldGen       total 62976K, used 4025K [0x00000000a4800000, 0x00000000a8580000, 0x00000000e1800000)
  object space 62976K, 6% used [0x00000000a4800000,0x00000000a4bee548,0x00000000a8580000)
 Metaspace       used 12667K, capacity 12818K, committed 13184K, reserved 1060864K
  class space    used 1772K, capacity 1841K, committed 1920K, reserved 1048576K
}
Event: 9,220 GC heap before
{Heap before GC invocations=6 (full 0):
 PSYoungGen      total 51712K, used 51684K [0x00000000e1800000, 0x00000000e8400000, 0x0000000100000000)
  eden space 48128K, 100% used [0x00000000e1800000,0x00000000e4700000,0x00000000e4700000)
  from space 3584K, 99% used [0x00000000e4700000,0x00000000e4a79280,0x00000000e4a80000)
  to   space 7168K, 0% used [0x00000000e7d00000,0x00000000e7d00000,0x00000000e8400000)
 ParOldGen       total 62976K, used 4025K [0x00000000a4800000, 0x00000000a8580000, 0x00000000e1800000)
  object space 62976K, 6% used [0x00000000a4800000,0x00000000a4bee548,0x00000000a8580000)
 Metaspace       used 16128K, capacity 16292K, committed 16640K, reserved 1062912K
  class space    used 2431K, capacity 2484K, committed 2560K, reserved 1048576K
Event: 9,254 GC heap after
Heap after GC invocations=6 (full 0):
 PSYoungGen      total 101888K, used 7162K [0x00000000e1800000, 0x00000000e8700000, 0x0000000100000000)
  eden space 94720K, 0% used [0x00000000e1800000,0x00000000e1800000,0x00000000e7480000)
  from space 7168K, 99% used [0x00000000e7d00000,0x00000000e83fe9c8,0x00000000e8400000)
  to   space 8704K, 0% used [0x00000000e7480000,0x00000000e7480000,0x00000000e7d00000)
 ParOldGen       total 62976K, used 4892K [0x00000000a4800000, 0x00000000a8580000, 0x00000000e1800000)
  object space 62976K, 7% used [0x00000000a4800000,0x00000000a4cc7018,0x00000000a8580000)
 Metaspace       used 16128K, capacity 16292K, committed 16640K, reserved 1062912K
  class space    used 2431K, capacity 2484K, committed 2560K, reserved 1048576K
}
Event: 14,674 GC heap before
{Heap before GC invocations=7 (full 0):
 PSYoungGen      total 101888K, used 101882K [0x00000000e1800000, 0x00000000e8700000, 0x0000000100000000)
  eden space 94720K, 100% used [0x00000000e1800000,0x00000000e7480000,0x00000000e7480000)
  from space 7168K, 99% used [0x00000000e7d00000,0x00000000e83fe9c8,0x00000000e8400000)
  to   space 8704K, 0% used [0x00000000e7480000,0x00000000e7480000,0x00000000e7d00000)
 ParOldGen       total 62976K, used 4892K [0x00000000a4800000, 0x00000000a8580000, 0x00000000e1800000)
  object space 62976K, 7% used [0x00000000a4800000,0x00000000a4cc7018,0x00000000a8580000)
 Metaspace       used 18116K, capacity 18280K, committed 18560K, reserved 1064960K
  class space    used 2831K, capacity 2906K, committed 2944K, reserved 1048576K

