# JRE version: Java(TM) SE Runtime Environment (8.0_72-b15) (build 1.8.0_72-b15)
# Java VM: Java HotSpot(TM) 64-Bit Server VM (25.72-b15 mixed mode linux-amd64 compressed oops)
Heap:
 PSYoungGen      total 102912K, used 8167K [0x00000000e1800000, 0x00000000e8600000, 0x0000000100000000)
  eden space 94720K, 0% used [0x00000000e1800000,0x00000000e1800000,0x00000000e7480000)
  from space 8192K, 99% used [0x00000000e7480000,0x00000000e7c79e90,0x00000000e7c80000)
  to   space 6656K, 0% used [0x00000000e7c80000,0x00000000e7c80000,0x00000000e8300000)
 ParOldGen       total 62976K, used 6336K [0x00000000a4800000, 0x00000000a8580000, 0x00000000e1800000)
  object space 62976K, 10% used [0x00000000a4800000,0x00000000a4e30010,0x00000000a8580000)
 Metaspace       used 18028K, capacity 18216K, committed 18560K, reserved 1064960K
  class space    used 2822K, capacity 2906K, committed 2944K, reserved 1048576K
GC Heap History (10 events):
Event: 1,173 GC heap after
Heap after GC invocations=2 (full 0):
 PSYoungGen      total 27648K, used 2076K [0x00000000e1800000, 0x00000000e4e00000, 0x0000000100000000)
  eden space 24064K, 0% used [0x00000000e1800000,0x00000000e1800000,0x00000000e2f80000)
  from space 3584K, 57% used [0x00000000e3300000,0x00000000e35070d8,0x00000000e3680000)
  to   space 3584K, 0% used [0x00000000e2f80000,0x00000000e2f80000,0x00000000e3300000)
 ParOldGen       total 62976K, used 16K [0x00000000a4800000, 0x00000000a8580000, 0x00000000e1800000)
  object space 62976K, 0% used [0x00000000a4800000,0x00000000a4804000,0x00000000a8580000)
 Metaspace       used 6277K, capacity 6650K, committed 6912K, reserved 1056768K
  class space    used 920K, capacity 945K, committed 1024K, reserved 1048576K
}
Event: 2,105 GC heap before
{Heap before GC invocations=3 (full 0):
 PSYoungGen      total 27648K, used 26140K [0x00000000e1800000, 0x00000000e4e00000, 0x0000000100000000)
  eden space 24064K, 100% used [0x00000000e1800000,0x00000000e2f80000,0x00000000e2f80000)
  from space 3584K, 57% used [0x00000000e3300000,0x00000000e35070d8,0x00000000e3680000)
  to   space 3584K, 0% used [0x00000000e2f80000,0x00000000e2f80000,0x00000000e3300000)
 ParOldGen       total 62976K, used 16K [0x00000000a4800000, 0x00000000a8580000, 0x00000000e1800000)
  object space 62976K, 0% used [0x00000000a4800000,0x00000000a4804000,0x00000000a8580000)
 Metaspace       used 8804K, capacity 8880K, committed 9088K, reserved 1056768K
  class space    used 1251K, capacity 1298K, committed 1408K, reserved 1048576K
Event: 2,110 GC heap after
Heap after GC invocations=3 (full 0):
 PSYoungGen      total 27648K, used 3240K [0x00000000e1800000, 0x00000000e4e00000, 0x0000000100000000)
  eden space 24064K, 0% used [0x00000000e1800000,0x00000000e1800000,0x00000000e2f80000)
  from space 3584K, 90% used [0x00000000e2f80000,0x00000000e32aa370,0x00000000e3300000)
  to   space 3584K, 0% used [0x00000000e4a80000,0x00000000e4a80000,0x00000000e4e00000)
 ParOldGen       total 62976K, used 24K [0x00000000a4800000, 0x00000000a8580000, 0x00000000e1800000)
  object space 62976K, 0% used [0x00000000a4800000,0x00000000a4806000,0x00000000a8580000)
 Metaspace       used 8804K, capacity 8880K, committed 9088K, reserved 1056768K
  class space    used 1251K, capacity 1298K, committed 1408K, reserved 1048576K
}
Event: 2,812 GC heap before
{Heap before GC invocations=4 (full 0):
 PSYoungGen      total 27648K, used 27304K [0x00000000e1800000, 0x00000000e4e00000, 0x0000000100000000)
  eden space 24064K, 100% used [0x00000000e1800000,0x00000000e2f80000,0x00000000e2f80000)
  from space 3584K, 90% used [0x00000000e2f80000,0x00000000e32aa370,0x00000000e3300000)
  to   space 3584K, 0% used [0x00000000e4a80000,0x00000000e4a80000,0x00000000e4e00000)
 ParOldGen       total 62976K, used 24K [0x00000000a4800000, 0x00000000a8580000, 0x00000000e1800000)
  object space 62976K, 0% used [0x00000000a4800000,0x00000000a4806000,0x00000000a8580000)
 Metaspace       used 10786K, capacity 10956K, committed 11136K, reserved 1058816K
  class space    used 1498K, capacity 1584K, committed 1664K, reserved 1048576K
Event: 2,827 GC heap after
Heap after GC invocations=4 (full 0):
 PSYoungGen      total 51712K, used 3553K [0x00000000e1800000, 0x00000000e4e00000, 0x0000000100000000)
  eden space 48128K, 0% used [0x00000000e1800000,0x00000000e1800000,0x00000000e4700000)
  from space 3584K, 99% used [0x00000000e4a80000,0x00000000e4df87c0,0x00000000e4e00000)
  to   space 3584K, 0% used [0x00000000e4700000,0x00000000e4700000,0x00000000e4a80000)
 ParOldGen       total 62976K, used 1007K [0x00000000a4800000, 0x00000000a8580000, 0x00000000e1800000)
  object space 62976K, 1% used [0x00000000a4800000,0x00000000a48fbeb0,0x00000000a8580000)
 Metaspace       used 10786K, capacity 10956K, committed 11136K, reserved 1058816K
  class space    used 1498K, capacity 1584K, committed 1664K, reserved 1048576K
}
Event: 3,458 GC heap before
{Heap before GC invocations=5 (full 0):
 PSYoungGen      total 51712K, used 51681K [0x00000000e1800000, 0x00000000e4e00000, 0x0000000100000000)
  eden space 48128K, 100% used [0x00000000e1800000,0x00000000e4700000,0x00000000e4700000)
  from space 3584K, 99% used [0x00000000e4a80000,0x00000000e4df87c0,0x00000000e4e00000)
  to   space 3584K, 0% used [0x00000000e4700000,0x00000000e4700000,0x00000000e4a80000)
 ParOldGen       total 62976K, used 1007K [0x00000000a4800000, 0x00000000a8580000, 0x00000000e1800000)
  object space 62976K, 1% used [0x00000000a4800000,0x00000000a48fbeb0,0x00000000a8580000)
 Metaspace       used 11933K, capacity 12076K, committed 12288K, reserved 1060864K
  class space    used 1690K, capacity 1744K, committed 1792K, reserved 1048576K
Event: 3,470 GC heap after
Heap after GC invocations=5 (full 0):
 PSYoungGen      total 51712K, used 3564K [0x00000000e1800000, 0x00000000e8300000, 0x0000000100000000)
  eden space 48128K, 0% used [0x00000000e1800000,0x00000000e1800000,0x00000000e4700000)
  from space 3584K, 99% used [0x00000000e4700000,0x00000000e4a7b348,0x00000000e4a80000)
  to   space 6656K, 0% used [0x00000000e7c80000,0x00000000e7c80000,0x00000000e8300000)
 ParOldGen       total 62976K, used 3650K [0x00000000a4800000, 0x00000000a8580000, 0x00000000e1800000)
  object space 62976K, 5% used [0x00000000a4800000,0x00000000a4b90ba8,0x00000000a8580000)
 Metaspace       used 11933K, capacity 12076K, committed 12288K, reserved 1060864K
  class space    used 1690K, capacity 1744K, committed 1792K, reserved 1048576K
}
Event: 4,116 GC heap before
{Heap before GC invocations=6 (full 0):
 PSYoungGen      total 51712K, used 51692K [0x00000000e1800000, 0x00000000e8300000, 0x0000000100000000)
  eden space 48128K, 100% used [0x00000000e1800000,0x00000000e4700000,0x00000000e4700000)
  from space 3584K, 99% used [0x00000000e4700000,0x00000000e4a7b348,0x00000000e4a80000)
  to   space 6656K, 0% used [0x00000000e7c80000,0x00000000e7c80000,0x00000000e8300000)
 ParOldGen       total 62976K, used 3650K [0x00000000a4800000, 0x00000000a8580000, 0x00000000e1800000)
  object space 62976K, 5% used [0x00000000a4800000,0x00000000a4b90ba8,0x00000000a8580000)
 Metaspace       used 15342K, capacity 15506K, committed 15744K, reserved 1062912K
  class space    used 2290K, capacity 2353K, committed 2432K, reserved 1048576K
Event: 4,127 GC heap after
Heap after GC invocations=6 (full 0):
 PSYoungGen      total 101376K, used 6655K [0x00000000e1800000, 0x00000000e8600000, 0x0000000100000000)
  eden space 94720K, 0% used [0x00000000e1800000,0x00000000e1800000,0x00000000e7480000)
  from space 6656K, 99% used [0x00000000e7c80000,0x00000000e82ffe18,0x00000000e8300000)
  to   space 8192K, 0% used [0x00000000e7480000,0x00000000e7480000,0x00000000e7c80000)
 ParOldGen       total 62976K, used 4289K [0x00000000a4800000, 0x00000000a8580000, 0x00000000e1800000)
  object space 62976K, 6% used [0x00000000a4800000,0x00000000a4c30480,0x00000000a8580000)
 Metaspace       used 15342K, capacity 15506K, committed 15744K, reserved 1062912K
  class space    used 2290K, capacity 2353K, committed 2432K, reserved 1048576K
}
Event: 6,822 GC heap before
{Heap before GC invocations=7 (full 0):
 PSYoungGen      total 101376K, used 101375K [0x00000000e1800000, 0x00000000e8600000, 0x0000000100000000)
  eden space 94720K, 100% used [0x00000000e1800000,0x00000000e7480000,0x00000000e7480000)
  from space 6656K, 99% used [0x00000000e7c80000,0x00000000e82ffe18,0x00000000e8300000)
  to   space 8192K, 0% used [0x00000000e7480000,0x00000000e7480000,0x00000000e7c80000)
 ParOldGen       total 62976K, used 4289K [0x00000000a4800000, 0x00000000a8580000, 0x00000000e1800000)
  object space 62976K, 6% used [0x00000000a4800000,0x00000000a4c30480,0x00000000a8580000)
 Metaspace       used 18028K, capacity 18216K, committed 18560K, reserved 1064960K
  class space    used 2822K, capacity 2906K, committed 2944K, reserved 1048576K

