<?xml version="1.0" encoding="UTF-8"?>
<testsuite xmlns:xsi="http://www.w3.org/2001/XMLSchema-instance" xsi:schemaLocation="https://maven.apache.org/surefire/maven-surefire-plugin/xsd/surefire-test-report.xsd" name="domainapp.integtests.specs.RunSpecs" time="12.435" tests="28" errors="0" skipped="0" failures="0">
  <properties>
[...]
</properties>
  <testcase name="Given I have 0 Rent objects" classname="Scenario: Existing Rent objects can be listed and new ones created" time="0.001"/>
  <testcase name="When I create a Rent object" classname="Scenario: Existing Rent objects can be listed and new ones created" time="0"/>
  <testcase name="When I create a Rent object" classname="Scenario: Existing Rent objects can be listed and new ones created" time="0"/>
  <testcase name="Then I have 2 Rent objects" classname="Scenario: Existing Rent objects can be listed and new ones created" time="0"/>
  <testcase name="Scenario: Existing Rent objects can be listed and new ones created" classname="Scenario: Existing Rent objects can be listed and new ones created" time="0.015"/>
  <testcase name="Given I have 0 VehicleType objects" classname="Scenario: Existing VehicleType objects can be listed and new ones created" time="0"/>
  <testcase name="When I create a VehicleType object with vniDSYuR &quot;v5GmG&quot; and v0NXzGua &quot;vOwDV&quot;" classname="Scenario: Existing VehicleType objects can be listed and new ones created" time="0"/>
  <testcase name="When I create a VehicleType object with vniDSYuR &quot;vpI3S&quot; and v0NXzGua &quot;vDtYu&quot;" classname="Scenario: Existing VehicleType objects can be listed and new ones created" time="0"/>
  <testcase name="Then I have 2 VehicleType objects" classname="Scenario: Existing VehicleType objects can be listed and new ones created" time="0.003"/>
  <testcase name="Scenario: Existing VehicleType objects can be listed and new ones created" classname="Scenario: Existing VehicleType objects can be listed and new ones created" time="0.006"/>
  <testcase name="Given I have 0 Customer objects" classname="Scenario: Existing Customer objects can be listed and new ones created" time="0"/>
  <testcase name="When I create a Customer object with vVFrYYDK &quot;vQlCk&quot; and v6u2PTpn &quot;vmDCU&quot; and vrA5dzNS &quot;vHF0f&quot;" classname="Scenario: Existing Customer objects can be listed and new ones created" time="0"/>
  <testcase name="When I create a Customer object with vVFrYYDK &quot;vBzvD&quot; and v6u2PTpn &quot;vxp1S&quot; and vrA5dzNS &quot;vV8lp&quot;" classname="Scenario: Existing Customer objects can be listed and new ones created" time="0.001"/>
  <testcase name="Then I have 2 Customer objects" classname="Scenario: Existing Customer objects can be listed and new ones created" time="0"/>
  <testcase name="Scenario: Existing Customer objects can be listed and new ones created" classname="Scenario: Existing Customer objects can be listed and new ones created" time="0.003"/>
  <testcase name="Given I have 0 Vehicle objects" classname="Scenario: Existing Vehicle objects can be listed and new ones created" time="0"/>
  <testcase name="When I create a Vehicle object with type &quot;Škoda 120&quot; and price &quot;10000&quot;" classname="Scenario: Existing Vehicle objects can be listed and new ones created" time="0"/>
  <testcase name="When I create a Vehicle object with type &quot;Škoda Fabia&quot; and price &quot;50000&quot;" classname="Scenario: Existing Vehicle objects can be listed and new ones created" time="0.001"/>
  <testcase name="Then I have 2 Vehicle objects" classname="Scenario: Existing Vehicle objects can be listed and new ones created" time="0"/>
  <testcase name="Scenario: Existing Vehicle objects can be listed and new ones created" classname="Scenario: Existing Vehicle objects can be listed and new ones created" time="0.003"/>
  <testcase name="Given I have the object Vehicle" classname="Scenario: Set the title and receive string" time="0"/>
  <testcase name="When I set the title of the Vehicle" classname="Scenario: Set the title and receive string" time="0.001"/>
  <testcase name="Then I receive the string title" classname="Scenario: Set the title and receive string" time="0"/>
  <testcase name="Scenario: Set the title and receive string" classname="Scenario: Set the title and receive string" time="0.002"/>
  <testcase name="Given I have the value &quot;-500&quot; for a &quot;price&quot;" classname="Scenario: Validate the price and receive error message" time="0"/>
  <testcase name="When I validate the &quot;price&quot; of the Vehicle" classname="Scenario: Validate the price and receive error message" time="0"/>
  <testcase name="Then I receive the error message" classname="Scenario: Validate the price and receive error message" time="0.001"/>
  <testcase name="Scenario: Validate the price and receive error message" classname="Scenario: Validate the price and receive error message" time="0.002"/>
</testsuite>